2024-03-27 21:07:47,516 [INFO] Activator:176 - 


2024-03-27 21:07:47,520 [INFO] Activator:177 - !SESSION log4j initialized
2024-03-27 21:07:51,383 [INFO] LogOutputStream:77 - [STDOUT_REDIRECT] 
2024-03-27 21:07:57,433 [INFO] ApplicationProperties:184 - Using Application install path: C:\ST\STM32CubeIDE_1.14.1\STM32CubeIDE\plugins\com.st.stm32cube.common.mx_6.10.0.202311202037
2024-03-27 21:07:57,469 [INFO] DbMcusXml:78 - Set database path to: C:\ST\STM32CubeIDE_1.14.1\STM32CubeIDE\plugins\com.st.stm32cube.common.mx_6.10.0.202311202037\\db\/mcu/
2024-03-27 21:07:57,470 [INFO] ApiDb:274 - Set plugin database path to: C:\ST\STM32CubeIDE_1.14.1\STM32CubeIDE\plugins\com.st.stm32cube.common.mx_6.10.0.202311202037\\db\/plugins/boardmanager/
2024-03-27 21:07:57,474 [WARN] ApiDb:259 - Overriding images path with different value:  => C:\ST\STM32CubeIDE_1.14.1\STM32CubeIDE\plugins\com.st.stm32cube.common.mx_6.10.0.202311202037\\db\/plugins/mcufinder/images/
2024-03-27 21:07:57,492 [INFO] ApiDb:250 - Set database path to: C:\Users\ADMIN\.stmcufinder\plugins\mcufinder//mcu/
2024-03-27 21:07:57,496 [INFO] DbMcusAds:125 - Set database path to: C:\Users\ADMIN\.stmcufinder\plugins\mcufinder//mcu/
2024-03-27 21:07:57,503 [INFO] CrossReferenceDbSqlite:203 - Set database path to: C:\Users\ADMIN\.stmcufinder\plugins\mcufinder//mcu/cs/
2024-03-27 21:07:57,813 [INFO] RulesReader:64 - Compatibility file has been processed (297 Rules)
2024-03-27 21:07:58,071 [INFO] DbMcusXml:78 - Set database path to: C:\ST\STM32CubeIDE_1.14.1\STM32CubeIDE\plugins\com.st.stm32cube.common.mx_6.10.0.202311202037\\db\/mcu/
2024-03-27 21:07:58,072 [INFO] ApiDb:274 - Set plugin database path to: C:\ST\STM32CubeIDE_1.14.1\STM32CubeIDE\plugins\com.st.stm32cube.common.mx_6.10.0.202311202037\\db\/plugins/boardmanager/
2024-03-27 21:07:58,072 [INFO] ApiDb:261 - Set plugin images path to: C:\ST\STM32CubeIDE_1.14.1\STM32CubeIDE\plugins\com.st.stm32cube.common.mx_6.10.0.202311202037\\db\/plugins/mcufinder/images/
2024-03-27 21:07:58,073 [WARN] DbFile:41 - Overriding database path with different value: C:\Users\ADMIN\.stmcufinder\plugins\mcufinder/ => C:\Users\ADMIN\.stmcufinder\plugins\mcufinder
2024-03-27 21:07:58,073 [INFO] ApiDb:250 - Set database path to: C:\Users\ADMIN\.stmcufinder\plugins\mcufinder//mcu/
2024-03-27 21:07:58,073 [WARN] DbFile:41 - Overriding database path with different value: C:\Users\ADMIN\.stmcufinder\plugins\mcufinder/ => C:\Users\ADMIN\.stmcufinder\plugins\mcufinder
2024-03-27 21:07:58,073 [INFO] DbMcusAds:125 - Set database path to: C:\Users\ADMIN\.stmcufinder\plugins\mcufinder//mcu/
2024-03-27 21:07:58,073 [WARN] DbFile:41 - Overriding database path with different value: C:\Users\ADMIN\.stmcufinder\plugins\mcufinder/ => C:\Users\ADMIN\.stmcufinder\plugins\mcufinder
2024-03-27 21:07:58,073 [WARN] DbFile:41 - Overriding database path with different value: C:\Users\ADMIN\.stmcufinder\plugins\mcufinder/ => C:\Users\ADMIN\.stmcufinder\plugins\mcufinder
2024-03-27 21:07:58,073 [INFO] CrossReferenceDbSqlite:203 - Set database path to: C:\Users\ADMIN\.stmcufinder\plugins\mcufinder//mcu/cs/
2024-03-27 21:07:58,245 [INFO] MainPanel:264 - HeapMemory: 268435456
2024-03-27 21:07:58,460 [INFO] DbMcusXml:78 - Set database path to: C:\ST\STM32CubeIDE_1.14.1\STM32CubeIDE\plugins\com.st.stm32cube.common.mx_6.10.0.202311202037\\db\/mcu/
2024-03-27 21:07:58,460 [INFO] ApiDb:274 - Set plugin database path to: C:\ST\STM32CubeIDE_1.14.1\STM32CubeIDE\plugins\com.st.stm32cube.common.mx_6.10.0.202311202037\\db\/plugins/boardmanager/
2024-03-27 21:07:58,461 [INFO] ApiDb:261 - Set plugin images path to: C:\ST\STM32CubeIDE_1.14.1\STM32CubeIDE\plugins\com.st.stm32cube.common.mx_6.10.0.202311202037\\db\/plugins/mcufinder/images/
2024-03-27 21:07:58,462 [WARN] DbFile:41 - Overriding database path with different value: C:\Users\ADMIN\.stmcufinder\plugins\mcufinder/ => C:\Users\ADMIN\.stmcufinder\plugins\mcufinder
2024-03-27 21:07:58,462 [INFO] ApiDb:250 - Set database path to: C:\Users\ADMIN\.stmcufinder\plugins\mcufinder//mcu/
2024-03-27 21:07:58,462 [WARN] DbFile:41 - Overriding database path with different value: C:\Users\ADMIN\.stmcufinder\plugins\mcufinder/ => C:\Users\ADMIN\.stmcufinder\plugins\mcufinder
2024-03-27 21:07:58,462 [INFO] DbMcusAds:125 - Set database path to: C:\Users\ADMIN\.stmcufinder\plugins\mcufinder//mcu/
2024-03-27 21:07:58,462 [WARN] DbFile:41 - Overriding database path with different value: C:\Users\ADMIN\.stmcufinder\plugins\mcufinder/ => C:\Users\ADMIN\.stmcufinder\plugins\mcufinder
2024-03-27 21:07:58,462 [WARN] DbFile:41 - Overriding database path with different value: C:\Users\ADMIN\.stmcufinder\plugins\mcufinder/ => C:\Users\ADMIN\.stmcufinder\plugins\mcufinder
2024-03-27 21:07:58,462 [INFO] CrossReferenceDbSqlite:203 - Set database path to: C:\Users\ADMIN\.stmcufinder\plugins\mcufinder//mcu/cs/
2024-03-27 21:07:58,497 [INFO] ApplicationProperties:184 - Using Application install path: C:\ST\STM32CubeIDE_1.14.1\STM32CubeIDE\plugins\com.st.stm32cube.common.mx_6.10.0.202311202037
2024-03-27 21:07:58,500 [INFO] PluginManage:196 - Search for loadable plugins [exclusion list=, ]
2024-03-27 21:07:58,502 [INFO] PluginManage:310 - Check plugin analytics
2024-03-27 21:07:58,904 [INFO] AnalyticsPlugin:253 - Accepted Software Licenses: STM32CubeMX.6.10.0,STM32CubeMX.6.9.0
2024-03-27 21:07:58,904 [INFO] AnalyticsPlugin:255 - Accepted CMSIS Pack Licenses: 
2024-03-27 21:07:58,905 [INFO] AnalyticsPlugin:257 - Accepted Firmware Licenses: FW.F4.1.28.0,FW.F4.1.27.0
2024-03-27 21:07:58,912 [INFO] PluginManage:359 - Loaded plugin analytics (category:tool,tabindex:-1)
2024-03-27 21:07:58,913 [INFO] PluginManage:310 - Check plugin cadmodel
2024-03-27 21:07:58,925 [INFO] CADModel:105 - Init CAD model plugin
2024-03-27 21:07:58,925 [INFO] PluginManage:359 - Loaded plugin cadmodel (category:power,tabindex:5)
2024-03-27 21:07:58,926 [INFO] PluginManage:310 - Check plugin clock
2024-03-27 21:07:58,953 [INFO] PluginManage:359 - Loaded plugin clock (category:base,tabindex:2)
2024-03-27 21:07:58,954 [INFO] PluginManage:310 - Check plugin ddr
2024-03-27 21:07:58,958 [INFO] PluginManage:359 - Loaded plugin ddr (category:tool,tabindex:6)
2024-03-27 21:07:58,959 [INFO] PluginManage:310 - Check plugin filemanager
2024-03-27 21:07:59,262 [INFO] PluginManage:359 - Loaded plugin filemanager (category:base,tabindex:10)
2024-03-27 21:07:59,262 [INFO] PluginManage:310 - Check plugin ipmanager
2024-03-27 21:07:59,279 [INFO] PluginManage:359 - Loaded plugin ipmanager (category:base,tabindex:5)
2024-03-27 21:07:59,279 [INFO] PluginManage:310 - Check plugin lpbam
2024-03-27 21:07:59,297 [INFO] PluginManage:359 - Loaded plugin lpbam (category:base,tabindex:0)
2024-03-27 21:07:59,297 [INFO] PluginManage:310 - Check plugin memorymap
2024-03-27 21:07:59,325 [INFO] PluginManage:359 - Loaded plugin memorymap (category:base,tabindex:4)
2024-03-27 21:07:59,325 [INFO] PluginManage:310 - Check plugin pinoutandconfiguration
2024-03-27 21:07:59,340 [INFO] PluginManage:359 - Loaded plugin pinoutandconfiguration (category:base,tabindex:1)
2024-03-27 21:07:59,340 [INFO] PluginManage:310 - Check plugin pinoutconfig
2024-03-27 21:07:59,516 [WARN] SupportedApi:132 - Cannot load RTOS API schema: s4s-elt-must-match.1: The content of 'definitions' must match (annotation?, (simpleType | complexType)?, (unique | key | keyref)*)). A problem was found starting at: attribute.
2024-03-27 21:07:59,815 [INFO] PluginManage:359 - Loaded plugin pinoutconfig (category:base,tabindex:0)
2024-03-27 21:07:59,815 [INFO] PluginManage:310 - Check plugin power
2024-03-27 21:07:59,836 [INFO] PluginManage:359 - Loaded plugin power (category:power,tabindex:4)
2024-03-27 21:07:59,836 [INFO] PluginManage:310 - Check plugin projectmanager
2024-03-27 21:07:59,883 [INFO] PluginManage:359 - Loaded plugin projectmanager (category:projectmanager,tabindex:3)
2024-03-27 21:07:59,883 [INFO] PluginManage:310 - Check plugin thirdparty
2024-03-27 21:08:00,145 [INFO] PluginManage:359 - Loaded plugin thirdparty (category:base,tabindex:-1)
2024-03-27 21:08:00,145 [WARN] IntegrityCheckThread:84 - waiting for thirdparty lock release [integrity check]
2024-03-27 21:08:00,146 [INFO] PluginManage:310 - Check plugin tools
2024-03-27 21:08:00,146 [INFO] IntegrityCheckThread:86 - entering critical section [integrity check]
2024-03-27 21:08:00,146 [INFO] ThirdPartyUpdaterWithRetryManager:70 - Updater plugin not ready yet. [1/15]
2024-03-27 21:08:00,150 [INFO] PluginManage:359 - Loaded plugin tools (category:base,tabindex:7)
2024-03-27 21:08:00,151 [INFO] PluginManage:310 - Check plugin tutovideos
2024-03-27 21:08:00,599 [INFO] PluginManage:359 - Loaded plugin tutovideos (category:base,tabindex:-1)
2024-03-27 21:08:00,599 [INFO] PluginManage:310 - Check plugin updater
2024-03-27 21:08:00,622 [INFO] PluginManage:359 - Loaded plugin updater (category:base,tabindex:12)
2024-03-27 21:08:00,622 [INFO] PluginManage:310 - Check plugin userauth
2024-03-27 21:08:00,632 [INFO] UserAuth:114 - Init User Auth plugin
2024-03-27 21:08:00,633 [INFO] PluginManage:359 - Loaded plugin userauth (category:base,tabindex:14)
2024-03-27 21:08:00,634 [INFO] PluginManage:283 - PluginManage : Loaded plugins [17]
2024-03-27 21:08:01,045 [INFO] PinOutPanel:1499 - setPackage(No Configuration,No Configuration)
2024-03-27 21:08:01,178 [INFO] CADModel:165 - CPN selected for project level
2024-03-27 21:08:01,179 [INFO] CADModel:114 - Register for checkConnection events
2024-03-27 21:08:01,206 [INFO] IPUIPlugin:80 - create IPUIPlugin
2024-03-27 21:08:01,207 [INFO] PluginManager:220 - loadIPPluginJar : add adc
2024-03-27 21:08:01,213 [INFO] IPUIPlugin:80 - create IPUIPlugin
2024-03-27 21:08:01,213 [INFO] PluginManager:220 - loadIPPluginJar : add aes
2024-03-27 21:08:01,217 [INFO] IPUIPlugin:80 - create IPUIPlugin
2024-03-27 21:08:01,217 [INFO] PluginManager:220 - loadIPPluginJar : add can
2024-03-27 21:08:01,221 [INFO] IPUIPlugin:80 - create IPUIPlugin
2024-03-27 21:08:01,222 [INFO] PluginManager:220 - loadIPPluginJar : add comp
2024-03-27 21:08:01,228 [INFO] IPUIPlugin:80 - create IPUIPlugin
2024-03-27 21:08:01,228 [INFO] PluginManager:220 - loadIPPluginJar : add cryp
2024-03-27 21:08:01,233 [INFO] IPUIPlugin:80 - create IPUIPlugin
2024-03-27 21:08:01,233 [INFO] PluginManager:220 - loadIPPluginJar : add dfsdm
2024-03-27 21:08:01,242 [INFO] IPUIPlugin:80 - create IPUIPlugin
2024-03-27 21:08:01,243 [INFO] PluginManager:220 - loadIPPluginJar : add dma
2024-03-27 21:08:01,248 [INFO] IPUIPlugin:80 - create IPUIPlugin
2024-03-27 21:08:01,249 [INFO] PluginManager:220 - loadIPPluginJar : add dma3
2024-03-27 21:08:01,252 [INFO] IPUIPlugin:80 - create IPUIPlugin
2024-03-27 21:08:01,252 [INFO] PluginManager:220 - loadIPPluginJar : add fatfs
2024-03-27 21:08:01,259 [INFO] IPUIPlugin:80 - create IPUIPlugin
2024-03-27 21:08:01,259 [INFO] PluginManager:220 - loadIPPluginJar : add fmc
2024-03-27 21:08:01,268 [INFO] IPUIPlugin:80 - create IPUIPlugin
2024-03-27 21:08:01,269 [INFO] PluginManager:220 - loadIPPluginJar : add freertos
2024-03-27 21:08:01,272 [INFO] IPUIPlugin:80 - create IPUIPlugin
2024-03-27 21:08:01,272 [INFO] PluginManager:220 - loadIPPluginJar : add genericplugin
2024-03-27 21:08:01,277 [INFO] IPUIPlugin:80 - create IPUIPlugin
2024-03-27 21:08:01,277 [INFO] PluginManager:220 - loadIPPluginJar : add gfxmmu
2024-03-27 21:08:01,287 [INFO] IPUIPlugin:80 - create IPUIPlugin
2024-03-27 21:08:01,287 [INFO] PluginManager:220 - loadIPPluginJar : add gic
2024-03-27 21:08:01,295 [INFO] IPUIPlugin:80 - create IPUIPlugin
2024-03-27 21:08:01,295 [INFO] PluginManager:220 - loadIPPluginJar : add gpio
2024-03-27 21:08:01,300 [INFO] IPUIPlugin:80 - create IPUIPlugin
2024-03-27 21:08:01,301 [INFO] PluginManager:220 - loadIPPluginJar : add gtzc
2024-03-27 21:08:01,306 [INFO] IPUIPlugin:80 - create IPUIPlugin
2024-03-27 21:08:01,307 [INFO] PluginManager:220 - loadIPPluginJar : add hash
2024-03-27 21:08:01,312 [INFO] IPUIPlugin:80 - create IPUIPlugin
2024-03-27 21:08:01,312 [INFO] PluginManager:220 - loadIPPluginJar : add i2c
2024-03-27 21:08:01,316 [INFO] IPUIPlugin:80 - create IPUIPlugin
2024-03-27 21:08:01,316 [INFO] PluginManager:220 - loadIPPluginJar : add i2s
2024-03-27 21:08:01,322 [INFO] IPUIPlugin:80 - create IPUIPlugin
2024-03-27 21:08:01,322 [INFO] PluginManager:220 - loadIPPluginJar : add i3c
2024-03-27 21:08:01,327 [INFO] IPUIPlugin:80 - create IPUIPlugin
2024-03-27 21:08:01,328 [INFO] PluginManager:220 - loadIPPluginJar : add ipddr
2024-03-27 21:08:01,346 [INFO] IPUIPlugin:80 - create IPUIPlugin
2024-03-27 21:08:01,346 [INFO] PluginManager:220 - loadIPPluginJar : add linkedlist
2024-03-27 21:08:01,352 [INFO] IPUIPlugin:80 - create IPUIPlugin
2024-03-27 21:08:01,352 [INFO] PluginManager:220 - loadIPPluginJar : add lorawan
2024-03-27 21:08:01,355 [INFO] IPUIPlugin:80 - create IPUIPlugin
2024-03-27 21:08:01,355 [INFO] PluginManager:220 - loadIPPluginJar : add ltdc
2024-03-27 21:08:01,365 [INFO] IPUIPlugin:80 - create IPUIPlugin
2024-03-27 21:08:01,366 [INFO] PluginManager:220 - loadIPPluginJar : add mdma
2024-03-27 21:08:01,373 [INFO] IPUIPlugin:80 - create IPUIPlugin
2024-03-27 21:08:01,374 [INFO] PluginManager:220 - loadIPPluginJar : add nvic
2024-03-27 21:08:01,379 [INFO] IPUIPlugin:80 - create IPUIPlugin
2024-03-27 21:08:01,380 [INFO] PluginManager:220 - loadIPPluginJar : add opamp
2024-03-27 21:08:01,385 [INFO] IPUIPlugin:80 - create IPUIPlugin
2024-03-27 21:08:01,386 [INFO] PluginManager:220 - loadIPPluginJar : add openamp
2024-03-27 21:08:01,392 [INFO] IPUIPlugin:80 - create IPUIPlugin
2024-03-27 21:08:01,392 [INFO] PluginManager:220 - loadIPPluginJar : add pdm2pcm
2024-03-27 21:08:01,403 [INFO] IPUIPlugin:80 - create IPUIPlugin
2024-03-27 21:08:01,407 [INFO] PluginManager:220 - loadIPPluginJar : add plateformsettings
2024-03-27 21:08:01,413 [INFO] IPUIPlugin:80 - create IPUIPlugin
2024-03-27 21:08:01,413 [INFO] PluginManager:220 - loadIPPluginJar : add quadspi
2024-03-27 21:08:01,419 [INFO] IPUIPlugin:80 - create IPUIPlugin
2024-03-27 21:08:01,420 [INFO] PluginManager:220 - loadIPPluginJar : add resmgrutility
2024-03-27 21:08:01,425 [INFO] IPUIPlugin:80 - create IPUIPlugin
2024-03-27 21:08:01,426 [INFO] PluginManager:220 - loadIPPluginJar : add sai
2024-03-27 21:08:01,430 [INFO] IPUIPlugin:80 - create IPUIPlugin
2024-03-27 21:08:01,430 [INFO] PluginManager:220 - loadIPPluginJar : add spi
2024-03-27 21:08:01,438 [INFO] IPUIPlugin:80 - create IPUIPlugin
2024-03-27 21:08:01,439 [INFO] PluginManager:220 - loadIPPluginJar : add stm32_wpan
2024-03-27 21:08:01,442 [INFO] IPUIPlugin:80 - create IPUIPlugin
2024-03-27 21:08:01,442 [INFO] PluginManager:220 - loadIPPluginJar : add tim
2024-03-27 21:08:01,447 [INFO] IPUIPlugin:80 - create IPUIPlugin
2024-03-27 21:08:01,448 [INFO] PluginManager:220 - loadIPPluginJar : add touchsensing
2024-03-27 21:08:01,452 [INFO] IPUIPlugin:80 - create IPUIPlugin
2024-03-27 21:08:01,453 [INFO] PluginManager:220 - loadIPPluginJar : add tracer_emb
2024-03-27 21:08:01,456 [INFO] IPUIPlugin:80 - create IPUIPlugin
2024-03-27 21:08:01,456 [INFO] PluginManager:220 - loadIPPluginJar : add ts
2024-03-27 21:08:01,459 [INFO] IPUIPlugin:80 - create IPUIPlugin
2024-03-27 21:08:01,459 [INFO] PluginManager:220 - loadIPPluginJar : add tsc
2024-03-27 21:08:01,463 [INFO] IPUIPlugin:80 - create IPUIPlugin
2024-03-27 21:08:01,463 [INFO] PluginManager:220 - loadIPPluginJar : add ucpd
2024-03-27 21:08:01,469 [INFO] IPUIPlugin:80 - create IPUIPlugin
2024-03-27 21:08:01,469 [INFO] PluginManager:220 - loadIPPluginJar : add usart
2024-03-27 21:08:01,474 [INFO] IPUIPlugin:80 - create IPUIPlugin
2024-03-27 21:08:01,474 [INFO] PluginManager:220 - loadIPPluginJar : add usbx
2024-03-27 21:08:01,654 [INFO] CADModel:165 - CPN selected for project level
2024-03-27 21:08:01,655 [INFO] CADModel:114 - Register for checkConnection events
2024-03-27 21:08:01,655 [FATAL] Updater:308 - Updater called before beeing initialized
2024-03-27 21:08:01,655 [ERROR] CADModel:125 - Updater not yet initialized, retry later 
2024-03-27 21:08:01,939 [INFO] CADModel:165 - CPN selected for project level
2024-03-27 21:08:01,939 [INFO] CADModel:114 - Register for checkConnection events
2024-03-27 21:08:01,939 [FATAL] Updater:308 - Updater called before beeing initialized
2024-03-27 21:08:01,939 [ERROR] CADModel:125 - Updater not yet initialized, retry later 
2024-03-27 21:08:01,946 [FATAL] Updater:308 - Updater called before beeing initialized
2024-03-27 21:08:02,145 [FATAL] Updater:308 - Updater called before beeing initialized
2024-03-27 21:08:02,152 [INFO] DbMcusAds:53 - JSON generation date=Wed Nov 29 17:52:27 ICT 2023 (1701255147349)
2024-03-27 21:08:02,152 [FATAL] Updater:308 - Updater called before beeing initialized
2024-03-27 21:08:02,231 [WARN] DetailPanel:346 - Failed to get advertising image, set to default
2024-03-27 21:08:02,502 [FATAL] Updater:308 - Updater called before beeing initialized
2024-03-27 21:08:02,506 [FATAL] Updater:308 - Updater called before beeing initialized
2024-03-27 21:08:02,506 [FATAL] Updater:308 - Updater called before beeing initialized
2024-03-27 21:08:02,506 [WARN] DetailPanel:346 - Failed to get advertising image, set to default
2024-03-27 21:08:02,508 [FATAL] Updater:308 - Updater called before beeing initialized
2024-03-27 21:08:02,606 [ERROR] Updater:1120 - MainUpdater not yet initialized. External WinMGr cannot be set.
2024-03-27 21:08:02,610 [INFO] Updater:1056 - Updater Version found : 6.10.0
2024-03-27 21:08:02,648 [INFO] ApplicationProperties:184 - Using Application install path: C:\ST\STM32CubeIDE_1.14.1\STM32CubeIDE\plugins\com.st.stm32cube.common.mx_6.10.0.202311202037
2024-03-27 21:08:03,149 [INFO] ThirdPartyUpdaterWithRetryManager:70 - Updater plugin not ready yet. [2/15]
2024-03-27 21:08:03,252 [INFO] MainUpdater:2873 - connection check result : 10
2024-03-27 21:08:03,253 [INFO] MainUpdater:290 - Updater Check For Update Now.
2024-03-27 21:08:03,254 [INFO] MicroXplorer:498 - Change Database Version : DB.6.0.100
2024-03-27 21:08:03,263 [INFO] McuFinderGlobals:63 - Set McuFinder mode to 2 (CubeIDE integrated)
2024-03-27 21:08:03,514 [INFO] UserAuth:404 - Internet connection configuration mode: 1
2024-03-27 21:08:03,517 [INFO] CheckServerUpdateThread:120 - End of CheckServer Thread
2024-03-27 21:08:03,554 [INFO] JxBrowserEngine:152 - Initiate JxBrowser Engine with user profile folder
2024-03-27 21:08:06,540 [WARN] PackLoader:240 - Cannot read IP mode file for STMicroelectronics.X-CUBE-SMBUS.2.1.0
2024-03-27 21:08:06,554 [WARN] PackLoader:240 - Cannot read IP mode file for STMicroelectronics.X-CUBE-TOUCHGFX.4.23.0
2024-03-27 21:08:06,635 [WARN] PackLoader:240 - Cannot read IP mode file for STMicroelectronics.X-CUBE-AZRTOS-F7.1.1.0
2024-03-27 21:08:06,655 [WARN] PackLoader:240 - Cannot read IP mode file for STMicroelectronics.FP-SNS-MOTENV1.4.3.2
2024-03-27 21:08:06,668 [WARN] PackLoader:240 - Cannot read IP mode file for STMicroelectronics.FP-SNS-FLIGHT1.5.0.2
2024-03-27 21:08:06,702 [WARN] PackLoader:240 - Cannot read IP mode file for STMicroelectronics.X-CUBE-DISPLAY.3.0.0
2024-03-27 21:08:06,728 [WARN] PackLoader:240 - Cannot read IP mode file for STMicroelectronics.X-CUBE-BLE1.7.0.0
2024-03-27 21:08:06,743 [WARN] PackLoader:240 - Cannot read IP mode file for emotas.I-CUBE-CANOPEN.1.3.0
2024-03-27 21:08:06,768 [WARN] PackLoader:240 - Cannot read IP mode file for STMicroelectronics.X-CUBE-BLEMGR.3.1.0
2024-03-27 21:08:06,783 [WARN] PackLoader:240 - Cannot read IP mode file for STMicroelectronics.FP-SNS-SMARTAG2.1.2.0
2024-03-27 21:08:06,828 [INFO] LogOutputStream:77 - [STDOUT_REDIRECT] 1 : Invalid condition id : UX_CORESTACK_Condition cause : null
2024-03-27 21:08:06,828 [INFO] LogOutputStream:77 - [STDOUT_REDIRECT] 1 : Invalid condition id : UX_CORESTACK_Condition cause : null
2024-03-27 21:08:06,831 [INFO] LogOutputStream:77 - [STDOUT_REDIRECT] 1 : Invalid condition id : UX_CORESTACK_Condition cause : null
2024-03-27 21:08:06,834 [INFO] LogOutputStream:77 - [STDOUT_REDIRECT] 1 : Invalid condition id : UX_CORESTACK_Condition cause : null
2024-03-27 21:08:06,836 [INFO] LogOutputStream:77 - [STDOUT_REDIRECT] 1 : Invalid condition id : UX_CORESTACK_Condition cause : null
2024-03-27 21:08:06,845 [WARN] PackLoader:240 - Cannot read IP mode file for STMicroelectronics.X-CUBE-AZRTOS-WL.2.0.0
2024-03-27 21:08:06,871 [WARN] PackLoader:240 - Cannot read IP mode file for WES.I-CUBE-Cesium.1.3.0
2024-03-27 21:08:06,881 [WARN] PackLoader:240 - Cannot read IP mode file for STMicroelectronics.X-CUBE-BLE2.3.3.0
2024-03-27 21:08:06,894 [WARN] PackLoader:240 - Cannot read IP mode file for STMicroelectronics.X-CUBE-ALGOBUILD.1.3.0
2024-03-27 21:08:06,942 [WARN] PackLoader:240 - Cannot read IP mode file for STMicroelectronics.X-CUBE-AZRTOS-G0.1.1.0
2024-03-27 21:08:06,956 [WARN] PackLoader:240 - Cannot read IP mode file for STMicroelectronics.X-CUBE-NFC4.3.0.0
2024-03-27 21:08:06,976 [WARN] PackLoader:240 - Cannot read IP mode file for STMicroelectronics.X-CUBE-BLEMGR.3.0.0
2024-03-27 21:08:06,988 [WARN] PackLoader:240 - Cannot read IP mode file for STMicroelectronics.FP-ATR-SIGFOX1.3.2.0
2024-03-27 21:08:07,002 [WARN] PackLoader:240 - Cannot read IP mode file for STMicroelectronics.X-CUBE-EEPRMA1.5.1.0
2024-03-27 21:08:07,076 [WARN] PackLoader:240 - Cannot read IP mode file for SEGGER.I-CUBE-embOS.1.3.1
2024-03-27 21:08:07,187 [WARN] PackLoader:240 - Cannot read IP mode file for STMicroelectronics.X-CUBE-GNSS1.6.0.0
2024-03-27 21:08:07,229 [WARN] PackLoader:240 - Cannot read IP mode file for STMicroelectronics.X-CUBE-AZRTOS-F4.1.1.0
2024-03-27 21:08:07,243 [WARN] PackLoader:240 - Cannot read IP mode file for wolfSSL.I-CUBE-wolfSSL.5.6.6
2024-03-27 21:08:07,285 [WARN] PackLoader:240 - Cannot read IP mode file for STMicroelectronics.X-CUBE-AZRTOS-L5.2.0.0
2024-03-27 21:08:07,304 [WARN] PackLoader:240 - Cannot read IP mode file for STMicroelectronics.X-CUBE-NFC6.3.1.0
2024-03-27 21:08:07,317 [WARN] PackLoader:240 - Cannot read IP mode file for ITTIA_DB.I-CUBE-ITTIADB.8.8.0
2024-03-27 21:08:07,328 [WARN] PackLoader:240 - Cannot read IP mode file for STMicroelectronics.X-CUBE-NFC7.1.0.1
2024-03-27 21:08:07,343 [WARN] PackLoader:240 - Cannot read IP mode file for STMicroelectronics.X-CUBE-NFC6.3.0.0
2024-03-27 21:08:07,355 [WARN] PackLoader:240 - Cannot read IP mode file for STMicroelectronics.X-CUBE-AI.8.1.0
2024-03-27 21:08:07,396 [WARN] ConditionMgr:438 - getConditionDescription Invalid condition id : LAN8742 Phy interface Condition cause : null
2024-03-27 21:08:07,396 [WARN] PackLoader:240 - Cannot read IP mode file for STMicroelectronics.X-CUBE-AZRTOS-L4.2.0.0
2024-03-27 21:08:07,400 [WARN] ConditionMgr:1039 - genDependencies : Invalid condition id : LAN8742 Phy interface Condition cause : null
2024-03-27 21:08:07,400 [WARN] ConditionMgr:1039 - genDependencies : Invalid condition id : LAN8742 Phy interface Condition cause : null
2024-03-27 21:08:07,400 [WARN] ConditionMgr:1039 - genDependencies : Invalid condition id : LAN8742 Phy interface Condition cause : null
2024-03-27 21:08:07,415 [WARN] PackLoader:240 - Cannot read IP mode file for STMicroelectronics.X-CUBE-SFXS2LP1.4.0.0
2024-03-27 21:08:07,455 [WARN] ConditionMgr:438 - getConditionDescription Invalid condition id : UX DEVICE CLASS RTOS Condition cause : null
2024-03-27 21:08:07,455 [WARN] ConditionMgr:438 - getConditionDescription Invalid condition id : UX DEVICE CLASS RTOS Condition cause : null
2024-03-27 21:08:07,460 [WARN] PackLoader:240 - Cannot read IP mode file for STMicroelectronics.X-CUBE-AZRTOS-WB.2.0.0
2024-03-27 21:08:07,461 [WARN] ConditionMgr:1039 - genDependencies : Invalid condition id : UX DEVICE CLASS RTOS Condition cause : null
2024-03-27 21:08:07,461 [WARN] ConditionMgr:1039 - genDependencies : Invalid condition id : UX DEVICE CLASS RTOS Condition cause : null
2024-03-27 21:08:07,470 [WARN] ConditionMgr:1039 - genDependencies : Invalid condition id : UX DEVICE CLASS RTOS Condition cause : null
2024-03-27 21:08:07,476 [WARN] ConditionMgr:1039 - genDependencies : Invalid condition id : UX DEVICE CLASS RTOS Condition cause : null
2024-03-27 21:08:07,477 [WARN] ConditionMgr:1039 - genDependencies : Invalid condition id : UX DEVICE CLASS RTOS Condition cause : null
2024-03-27 21:08:07,496 [WARN] PackLoader:240 - Cannot read IP mode file for STMicroelectronics.X-CUBE-SUBG2.5.0.0
2024-03-27 21:08:07,538 [WARN] PackLoader:240 - Cannot read IP mode file for STMicroelectronics.X-CUBE-AZRTOS-G4.2.0.0
2024-03-27 21:08:07,564 [WARN] PackLoader:240 - Cannot read IP mode file for Infineon.AIROC-Wi-Fi-Bluetooth-STM32.1.5.1
2024-03-27 21:08:07,579 [WARN] PackLoader:240 - Cannot read IP mode file for STMicroelectronics.FP-SNS-MOTENVWB1.1.3.1
2024-03-27 21:08:07,586 [WARN] PackLoader:240 - Cannot read IP mode file for STMicroelectronics.X-CUBE-ISPU.2.0.0
2024-03-27 21:08:07,660 [WARN] PackLoader:240 - Cannot read IP mode file for STMicroelectronics.X-CUBE-MEMS1.10.0.0
2024-03-27 21:08:07,942 [WARN] PackLoader:240 - Cannot read IP mode file for STMicroelectronics.X-CUBE-FREERTOS.1.1.0
2024-03-27 21:08:07,952 [WARN] PackLoader:240 - Cannot read IP mode file for portGmbH.I-Cube-SoM-uGOAL.1.1.0
2024-03-27 21:08:07,958 [WARN] PackLoader:240 - Cannot read IP mode file for STMicroelectronics.X-CUBE-ALS.1.0.1
2024-03-27 21:08:07,966 [WARN] PackLoader:240 - Cannot read IP mode file for STMicroelectronics.FP-ATR-ASTRA1.2.0.0
2024-03-27 21:08:07,986 [WARN] PackLoader:240 - Cannot read IP mode file for STMicroelectronics.X-CUBE-TOF1.3.4.1
2024-03-27 21:08:08,048 [WARN] PackLoader:240 - Cannot read IP mode file for STMicroelectronics.X-CUBE-AZRTOS-H7.3.2.0
2024-03-27 21:08:08,055 [INFO] ThirdParty:978 - Integrity check success = true
2024-03-27 21:08:08,055 [INFO] IntegrityCheckThread:100 - exiting critical section [integrity check]
2024-03-27 21:08:08,055 [INFO] IntegrityCheckThread:103 - End integrity checks thread
2024-03-27 21:08:09,778 [INFO] WebApp:161 - Instantiating new browser for Auth
2024-03-27 21:08:10,608 [INFO] WebApp:780 - Register for checkConnection events
2024-03-27 21:08:10,608 [INFO] WebApp:414 - Apply proxy settings
2024-03-27 21:08:10,608 [INFO] WebApp:499 - Chromium requires no authentication
2024-03-27 21:08:10,624 [INFO] WebApp:442 - Direct internet connection detected
2024-03-27 21:08:10,882 [INFO] WebApp:192 - Starting web application
2024-03-27 21:08:10,882 [INFO] WebApp:544 - Web application path used C:\ST\STM32CubeIDE_1.14.1\STM32CubeIDE\plugins\com.st.stm32cube.common.mx_6.10.0.202311202037\db\plugins\mcufinder\reactClient1\index.html
2024-03-27 21:08:32,504 [ERROR] LogOutputStream:75 - [STDERR_REDIRECT] SLF4J: Failed to load class "org.slf4j.impl.StaticLoggerBinder".
2024-03-27 21:08:32,505 [ERROR] LogOutputStream:75 - [STDERR_REDIRECT] SLF4J: Defaulting to no-operation (NOP) logger implementation
2024-03-27 21:08:32,509 [ERROR] LogOutputStream:75 - [STDERR_REDIRECT] SLF4J: See http://www.slf4j.org/codes.html#StaticLoggerBinder for further details.
2024-03-27 21:19:57,683 [ERROR] LogOutputStream:75 - [STDERR_REDIRECT] 
2024-03-27 21:26:44,675 [INFO] Activator:176 - 


2024-03-27 21:26:44,677 [INFO] Activator:177 - !SESSION log4j initialized
2024-03-27 21:26:51,173 [INFO] LogOutputStream:77 - [STDOUT_REDIRECT] 
2024-03-27 21:26:52,383 [INFO] ApplicationProperties:184 - Using Application install path: C:\ST\STM32CubeIDE_1.14.1\STM32CubeIDE\plugins\com.st.stm32cube.common.mx_6.10.0.202311202037
2024-03-27 21:26:52,404 [INFO] DbMcusXml:78 - Set database path to: C:\ST\STM32CubeIDE_1.14.1\STM32CubeIDE\plugins\com.st.stm32cube.common.mx_6.10.0.202311202037\\db\/mcu/
2024-03-27 21:26:52,405 [INFO] ApiDb:274 - Set plugin database path to: C:\ST\STM32CubeIDE_1.14.1\STM32CubeIDE\plugins\com.st.stm32cube.common.mx_6.10.0.202311202037\\db\/plugins/boardmanager/
2024-03-27 21:26:52,405 [WARN] ApiDb:259 - Overriding images path with different value:  => C:\ST\STM32CubeIDE_1.14.1\STM32CubeIDE\plugins\com.st.stm32cube.common.mx_6.10.0.202311202037\\db\/plugins/mcufinder/images/
2024-03-27 21:26:52,413 [INFO] ApiDb:250 - Set database path to: C:\Users\ADMIN\.stmcufinder\plugins\mcufinder//mcu/
2024-03-27 21:26:52,415 [INFO] DbMcusAds:125 - Set database path to: C:\Users\ADMIN\.stmcufinder\plugins\mcufinder//mcu/
2024-03-27 21:26:52,419 [INFO] CrossReferenceDbSqlite:203 - Set database path to: C:\Users\ADMIN\.stmcufinder\plugins\mcufinder//mcu/cs/
2024-03-27 21:26:52,612 [INFO] RulesReader:64 - Compatibility file has been processed (297 Rules)
2024-03-27 21:26:52,722 [INFO] DbMcusXml:78 - Set database path to: C:\ST\STM32CubeIDE_1.14.1\STM32CubeIDE\plugins\com.st.stm32cube.common.mx_6.10.0.202311202037\\db\/mcu/
2024-03-27 21:26:52,722 [INFO] ApiDb:274 - Set plugin database path to: C:\ST\STM32CubeIDE_1.14.1\STM32CubeIDE\plugins\com.st.stm32cube.common.mx_6.10.0.202311202037\\db\/plugins/boardmanager/
2024-03-27 21:26:52,723 [INFO] ApiDb:261 - Set plugin images path to: C:\ST\STM32CubeIDE_1.14.1\STM32CubeIDE\plugins\com.st.stm32cube.common.mx_6.10.0.202311202037\\db\/plugins/mcufinder/images/
2024-03-27 21:26:52,723 [WARN] DbFile:41 - Overriding database path with different value: C:\Users\ADMIN\.stmcufinder\plugins\mcufinder/ => C:\Users\ADMIN\.stmcufinder\plugins\mcufinder
2024-03-27 21:26:52,724 [INFO] ApiDb:250 - Set database path to: C:\Users\ADMIN\.stmcufinder\plugins\mcufinder//mcu/
2024-03-27 21:26:52,724 [WARN] DbFile:41 - Overriding database path with different value: C:\Users\ADMIN\.stmcufinder\plugins\mcufinder/ => C:\Users\ADMIN\.stmcufinder\plugins\mcufinder
2024-03-27 21:26:52,724 [INFO] DbMcusAds:125 - Set database path to: C:\Users\ADMIN\.stmcufinder\plugins\mcufinder//mcu/
2024-03-27 21:26:52,725 [WARN] DbFile:41 - Overriding database path with different value: C:\Users\ADMIN\.stmcufinder\plugins\mcufinder/ => C:\Users\ADMIN\.stmcufinder\plugins\mcufinder
2024-03-27 21:26:52,725 [WARN] DbFile:41 - Overriding database path with different value: C:\Users\ADMIN\.stmcufinder\plugins\mcufinder/ => C:\Users\ADMIN\.stmcufinder\plugins\mcufinder
2024-03-27 21:26:52,725 [INFO] CrossReferenceDbSqlite:203 - Set database path to: C:\Users\ADMIN\.stmcufinder\plugins\mcufinder//mcu/cs/
2024-03-27 21:26:52,849 [INFO] MainPanel:264 - HeapMemory: 268435456
2024-03-27 21:26:52,978 [INFO] DbMcusXml:78 - Set database path to: C:\ST\STM32CubeIDE_1.14.1\STM32CubeIDE\plugins\com.st.stm32cube.common.mx_6.10.0.202311202037\\db\/mcu/
2024-03-27 21:26:52,978 [INFO] ApiDb:274 - Set plugin database path to: C:\ST\STM32CubeIDE_1.14.1\STM32CubeIDE\plugins\com.st.stm32cube.common.mx_6.10.0.202311202037\\db\/plugins/boardmanager/
2024-03-27 21:26:52,979 [INFO] ApiDb:261 - Set plugin images path to: C:\ST\STM32CubeIDE_1.14.1\STM32CubeIDE\plugins\com.st.stm32cube.common.mx_6.10.0.202311202037\\db\/plugins/mcufinder/images/
2024-03-27 21:26:52,984 [WARN] DbFile:41 - Overriding database path with different value: C:\Users\ADMIN\.stmcufinder\plugins\mcufinder/ => C:\Users\ADMIN\.stmcufinder\plugins\mcufinder
2024-03-27 21:26:52,984 [INFO] ApiDb:250 - Set database path to: C:\Users\ADMIN\.stmcufinder\plugins\mcufinder//mcu/
2024-03-27 21:26:52,984 [WARN] DbFile:41 - Overriding database path with different value: C:\Users\ADMIN\.stmcufinder\plugins\mcufinder/ => C:\Users\ADMIN\.stmcufinder\plugins\mcufinder
2024-03-27 21:26:52,985 [INFO] DbMcusAds:125 - Set database path to: C:\Users\ADMIN\.stmcufinder\plugins\mcufinder//mcu/
2024-03-27 21:26:52,985 [WARN] DbFile:41 - Overriding database path with different value: C:\Users\ADMIN\.stmcufinder\plugins\mcufinder/ => C:\Users\ADMIN\.stmcufinder\plugins\mcufinder
2024-03-27 21:26:52,985 [WARN] DbFile:41 - Overriding database path with different value: C:\Users\ADMIN\.stmcufinder\plugins\mcufinder/ => C:\Users\ADMIN\.stmcufinder\plugins\mcufinder
2024-03-27 21:26:52,985 [INFO] CrossReferenceDbSqlite:203 - Set database path to: C:\Users\ADMIN\.stmcufinder\plugins\mcufinder//mcu/cs/
2024-03-27 21:26:53,015 [INFO] ApplicationProperties:184 - Using Application install path: C:\ST\STM32CubeIDE_1.14.1\STM32CubeIDE\plugins\com.st.stm32cube.common.mx_6.10.0.202311202037
2024-03-27 21:26:53,015 [INFO] PluginManage:196 - Search for loadable plugins [exclusion list=, ]
2024-03-27 21:26:53,015 [INFO] PluginManage:310 - Check plugin analytics
2024-03-27 21:26:53,316 [INFO] AnalyticsPlugin:253 - Accepted Software Licenses: STM32CubeMX.6.10.0,STM32CubeMX.6.9.0
2024-03-27 21:26:53,316 [INFO] AnalyticsPlugin:255 - Accepted CMSIS Pack Licenses: 
2024-03-27 21:26:53,317 [INFO] AnalyticsPlugin:257 - Accepted Firmware Licenses: FW.F4.1.28.0,FW.F4.1.27.0
2024-03-27 21:26:53,321 [INFO] PluginManage:359 - Loaded plugin analytics (category:tool,tabindex:-1)
2024-03-27 21:26:53,321 [INFO] PluginManage:310 - Check plugin cadmodel
2024-03-27 21:26:53,327 [INFO] CADModel:105 - Init CAD model plugin
2024-03-27 21:26:53,327 [INFO] PluginManage:359 - Loaded plugin cadmodel (category:power,tabindex:5)
2024-03-27 21:26:53,328 [INFO] PluginManage:310 - Check plugin clock
2024-03-27 21:26:53,341 [INFO] PluginManage:359 - Loaded plugin clock (category:base,tabindex:2)
2024-03-27 21:26:53,341 [INFO] PluginManage:310 - Check plugin ddr
2024-03-27 21:26:53,344 [INFO] PluginManage:359 - Loaded plugin ddr (category:tool,tabindex:6)
2024-03-27 21:26:53,344 [INFO] PluginManage:310 - Check plugin filemanager
2024-03-27 21:26:53,568 [INFO] PluginManage:359 - Loaded plugin filemanager (category:base,tabindex:10)
2024-03-27 21:26:53,568 [INFO] PluginManage:310 - Check plugin ipmanager
2024-03-27 21:26:53,582 [INFO] PluginManage:359 - Loaded plugin ipmanager (category:base,tabindex:5)
2024-03-27 21:26:53,582 [INFO] PluginManage:310 - Check plugin lpbam
2024-03-27 21:26:53,598 [INFO] PluginManage:359 - Loaded plugin lpbam (category:base,tabindex:0)
2024-03-27 21:26:53,599 [INFO] PluginManage:310 - Check plugin memorymap
2024-03-27 21:26:53,620 [INFO] PluginManage:359 - Loaded plugin memorymap (category:base,tabindex:4)
2024-03-27 21:26:53,620 [INFO] PluginManage:310 - Check plugin pinoutandconfiguration
2024-03-27 21:26:53,636 [INFO] PluginManage:359 - Loaded plugin pinoutandconfiguration (category:base,tabindex:1)
2024-03-27 21:26:53,636 [INFO] PluginManage:310 - Check plugin pinoutconfig
2024-03-27 21:26:53,775 [WARN] SupportedApi:132 - Cannot load RTOS API schema: s4s-elt-must-match.1: The content of 'definitions' must match (annotation?, (simpleType | complexType)?, (unique | key | keyref)*)). A problem was found starting at: attribute.
2024-03-27 21:26:53,992 [INFO] PluginManage:359 - Loaded plugin pinoutconfig (category:base,tabindex:0)
2024-03-27 21:26:53,992 [INFO] PluginManage:310 - Check plugin power
2024-03-27 21:26:54,004 [INFO] PluginManage:359 - Loaded plugin power (category:power,tabindex:4)
2024-03-27 21:26:54,005 [INFO] PluginManage:310 - Check plugin projectmanager
2024-03-27 21:26:54,031 [INFO] PluginManage:359 - Loaded plugin projectmanager (category:projectmanager,tabindex:3)
2024-03-27 21:26:54,031 [INFO] PluginManage:310 - Check plugin thirdparty
2024-03-27 21:26:54,235 [INFO] PluginManage:359 - Loaded plugin thirdparty (category:base,tabindex:-1)
2024-03-27 21:26:54,235 [WARN] IntegrityCheckThread:84 - waiting for thirdparty lock release [integrity check]
2024-03-27 21:26:54,235 [INFO] PluginManage:310 - Check plugin tools
2024-03-27 21:26:54,235 [INFO] IntegrityCheckThread:86 - entering critical section [integrity check]
2024-03-27 21:26:54,236 [INFO] ThirdPartyUpdaterWithRetryManager:70 - Updater plugin not ready yet. [1/15]
2024-03-27 21:26:54,240 [INFO] PluginManage:359 - Loaded plugin tools (category:base,tabindex:7)
2024-03-27 21:26:54,240 [INFO] PluginManage:310 - Check plugin tutovideos
2024-03-27 21:26:54,595 [INFO] PluginManage:359 - Loaded plugin tutovideos (category:base,tabindex:-1)
2024-03-27 21:26:54,596 [INFO] PluginManage:310 - Check plugin updater
2024-03-27 21:26:54,619 [INFO] PluginManage:359 - Loaded plugin updater (category:base,tabindex:12)
2024-03-27 21:26:54,620 [INFO] PluginManage:310 - Check plugin userauth
2024-03-27 21:26:54,630 [INFO] UserAuth:114 - Init User Auth plugin
2024-03-27 21:26:54,630 [INFO] PluginManage:359 - Loaded plugin userauth (category:base,tabindex:14)
2024-03-27 21:26:54,631 [INFO] PluginManage:283 - PluginManage : Loaded plugins [17]
2024-03-27 21:26:54,988 [INFO] PinOutPanel:1499 - setPackage(No Configuration,No Configuration)
2024-03-27 21:26:55,085 [INFO] CADModel:165 - CPN selected for project level
2024-03-27 21:26:55,086 [INFO] CADModel:114 - Register for checkConnection events
2024-03-27 21:26:55,108 [INFO] IPUIPlugin:80 - create IPUIPlugin
2024-03-27 21:26:55,108 [INFO] PluginManager:220 - loadIPPluginJar : add adc
2024-03-27 21:26:55,108 [INFO] IPUIPlugin:80 - create IPUIPlugin
2024-03-27 21:26:55,108 [INFO] PluginManager:220 - loadIPPluginJar : add aes
2024-03-27 21:26:55,108 [INFO] IPUIPlugin:80 - create IPUIPlugin
2024-03-27 21:26:55,108 [INFO] PluginManager:220 - loadIPPluginJar : add can
2024-03-27 21:26:55,108 [INFO] IPUIPlugin:80 - create IPUIPlugin
2024-03-27 21:26:55,108 [INFO] PluginManager:220 - loadIPPluginJar : add comp
2024-03-27 21:26:55,108 [INFO] IPUIPlugin:80 - create IPUIPlugin
2024-03-27 21:26:55,108 [INFO] PluginManager:220 - loadIPPluginJar : add cryp
2024-03-27 21:26:55,126 [INFO] IPUIPlugin:80 - create IPUIPlugin
2024-03-27 21:26:55,126 [INFO] PluginManager:220 - loadIPPluginJar : add dfsdm
2024-03-27 21:26:55,132 [INFO] IPUIPlugin:80 - create IPUIPlugin
2024-03-27 21:26:55,133 [INFO] PluginManager:220 - loadIPPluginJar : add dma
2024-03-27 21:26:55,137 [INFO] IPUIPlugin:80 - create IPUIPlugin
2024-03-27 21:26:55,138 [INFO] PluginManager:220 - loadIPPluginJar : add dma3
2024-03-27 21:26:55,140 [INFO] IPUIPlugin:80 - create IPUIPlugin
2024-03-27 21:26:55,141 [INFO] PluginManager:220 - loadIPPluginJar : add fatfs
2024-03-27 21:26:55,146 [INFO] IPUIPlugin:80 - create IPUIPlugin
2024-03-27 21:26:55,146 [INFO] PluginManager:220 - loadIPPluginJar : add fmc
2024-03-27 21:26:55,154 [INFO] IPUIPlugin:80 - create IPUIPlugin
2024-03-27 21:26:55,155 [INFO] PluginManager:220 - loadIPPluginJar : add freertos
2024-03-27 21:26:55,158 [INFO] IPUIPlugin:80 - create IPUIPlugin
2024-03-27 21:26:55,158 [INFO] PluginManager:220 - loadIPPluginJar : add genericplugin
2024-03-27 21:26:55,162 [INFO] IPUIPlugin:80 - create IPUIPlugin
2024-03-27 21:26:55,163 [INFO] PluginManager:220 - loadIPPluginJar : add gfxmmu
2024-03-27 21:26:55,170 [INFO] IPUIPlugin:80 - create IPUIPlugin
2024-03-27 21:26:55,171 [INFO] PluginManager:220 - loadIPPluginJar : add gic
2024-03-27 21:26:55,176 [INFO] IPUIPlugin:80 - create IPUIPlugin
2024-03-27 21:26:55,177 [INFO] PluginManager:220 - loadIPPluginJar : add gpio
2024-03-27 21:26:55,180 [INFO] IPUIPlugin:80 - create IPUIPlugin
2024-03-27 21:26:55,180 [INFO] PluginManager:220 - loadIPPluginJar : add gtzc
2024-03-27 21:26:55,184 [INFO] IPUIPlugin:80 - create IPUIPlugin
2024-03-27 21:26:55,185 [INFO] PluginManager:220 - loadIPPluginJar : add hash
2024-03-27 21:26:55,189 [INFO] IPUIPlugin:80 - create IPUIPlugin
2024-03-27 21:26:55,189 [INFO] PluginManager:220 - loadIPPluginJar : add i2c
2024-03-27 21:26:55,193 [INFO] IPUIPlugin:80 - create IPUIPlugin
2024-03-27 21:26:55,193 [INFO] PluginManager:220 - loadIPPluginJar : add i2s
2024-03-27 21:26:55,196 [INFO] IPUIPlugin:80 - create IPUIPlugin
2024-03-27 21:26:55,196 [INFO] PluginManager:220 - loadIPPluginJar : add i3c
2024-03-27 21:26:55,200 [INFO] IPUIPlugin:80 - create IPUIPlugin
2024-03-27 21:26:55,201 [INFO] PluginManager:220 - loadIPPluginJar : add ipddr
2024-03-27 21:26:55,209 [INFO] IPUIPlugin:80 - create IPUIPlugin
2024-03-27 21:26:55,209 [INFO] PluginManager:220 - loadIPPluginJar : add linkedlist
2024-03-27 21:26:55,213 [INFO] IPUIPlugin:80 - create IPUIPlugin
2024-03-27 21:26:55,213 [INFO] PluginManager:220 - loadIPPluginJar : add lorawan
2024-03-27 21:26:55,215 [INFO] IPUIPlugin:80 - create IPUIPlugin
2024-03-27 21:26:55,215 [INFO] PluginManager:220 - loadIPPluginJar : add ltdc
2024-03-27 21:26:55,225 [INFO] IPUIPlugin:80 - create IPUIPlugin
2024-03-27 21:26:55,225 [INFO] PluginManager:220 - loadIPPluginJar : add mdma
2024-03-27 21:26:55,231 [INFO] IPUIPlugin:80 - create IPUIPlugin
2024-03-27 21:26:55,231 [INFO] PluginManager:220 - loadIPPluginJar : add nvic
2024-03-27 21:26:55,236 [INFO] IPUIPlugin:80 - create IPUIPlugin
2024-03-27 21:26:55,236 [INFO] PluginManager:220 - loadIPPluginJar : add opamp
2024-03-27 21:26:55,241 [INFO] IPUIPlugin:80 - create IPUIPlugin
2024-03-27 21:26:55,242 [INFO] PluginManager:220 - loadIPPluginJar : add openamp
2024-03-27 21:26:55,245 [INFO] IPUIPlugin:80 - create IPUIPlugin
2024-03-27 21:26:55,246 [INFO] PluginManager:220 - loadIPPluginJar : add pdm2pcm
2024-03-27 21:26:55,254 [INFO] IPUIPlugin:80 - create IPUIPlugin
2024-03-27 21:26:55,260 [INFO] PluginManager:220 - loadIPPluginJar : add plateformsettings
2024-03-27 21:26:55,263 [INFO] IPUIPlugin:80 - create IPUIPlugin
2024-03-27 21:26:55,263 [INFO] PluginManager:220 - loadIPPluginJar : add quadspi
2024-03-27 21:26:55,268 [INFO] IPUIPlugin:80 - create IPUIPlugin
2024-03-27 21:26:55,268 [INFO] PluginManager:220 - loadIPPluginJar : add resmgrutility
2024-03-27 21:26:55,275 [INFO] IPUIPlugin:80 - create IPUIPlugin
2024-03-27 21:26:55,275 [INFO] PluginManager:220 - loadIPPluginJar : add sai
2024-03-27 21:26:55,279 [INFO] IPUIPlugin:80 - create IPUIPlugin
2024-03-27 21:26:55,280 [INFO] PluginManager:220 - loadIPPluginJar : add spi
2024-03-27 21:26:55,287 [INFO] IPUIPlugin:80 - create IPUIPlugin
2024-03-27 21:26:55,287 [INFO] PluginManager:220 - loadIPPluginJar : add stm32_wpan
2024-03-27 21:26:55,292 [INFO] IPUIPlugin:80 - create IPUIPlugin
2024-03-27 21:26:55,292 [INFO] PluginManager:220 - loadIPPluginJar : add tim
2024-03-27 21:26:55,297 [INFO] IPUIPlugin:80 - create IPUIPlugin
2024-03-27 21:26:55,297 [INFO] PluginManager:220 - loadIPPluginJar : add touchsensing
2024-03-27 21:26:55,300 [INFO] IPUIPlugin:80 - create IPUIPlugin
2024-03-27 21:26:55,300 [INFO] PluginManager:220 - loadIPPluginJar : add tracer_emb
2024-03-27 21:26:55,303 [INFO] IPUIPlugin:80 - create IPUIPlugin
2024-03-27 21:26:55,303 [INFO] PluginManager:220 - loadIPPluginJar : add ts
2024-03-27 21:26:55,307 [INFO] IPUIPlugin:80 - create IPUIPlugin
2024-03-27 21:26:55,307 [INFO] PluginManager:220 - loadIPPluginJar : add tsc
2024-03-27 21:26:55,311 [INFO] IPUIPlugin:80 - create IPUIPlugin
2024-03-27 21:26:55,311 [INFO] PluginManager:220 - loadIPPluginJar : add ucpd
2024-03-27 21:26:55,318 [INFO] IPUIPlugin:80 - create IPUIPlugin
2024-03-27 21:26:55,318 [INFO] PluginManager:220 - loadIPPluginJar : add usart
2024-03-27 21:26:55,323 [INFO] IPUIPlugin:80 - create IPUIPlugin
2024-03-27 21:26:55,325 [INFO] PluginManager:220 - loadIPPluginJar : add usbx
2024-03-27 21:26:55,525 [INFO] CADModel:165 - CPN selected for project level
2024-03-27 21:26:55,525 [INFO] CADModel:114 - Register for checkConnection events
2024-03-27 21:26:55,525 [FATAL] Updater:308 - Updater called before beeing initialized
2024-03-27 21:26:55,525 [ERROR] CADModel:125 - Updater not yet initialized, retry later 
2024-03-27 21:26:55,740 [INFO] CADModel:165 - CPN selected for project level
2024-03-27 21:26:55,740 [INFO] CADModel:114 - Register for checkConnection events
2024-03-27 21:26:55,740 [FATAL] Updater:308 - Updater called before beeing initialized
2024-03-27 21:26:55,740 [ERROR] CADModel:125 - Updater not yet initialized, retry later 
2024-03-27 21:26:55,744 [FATAL] Updater:308 - Updater called before beeing initialized
2024-03-27 21:26:55,943 [FATAL] Updater:308 - Updater called before beeing initialized
2024-03-27 21:26:55,949 [INFO] DbMcusAds:53 - JSON generation date=Wed Nov 29 17:52:27 ICT 2023 (1701255147349)
2024-03-27 21:26:55,950 [FATAL] Updater:308 - Updater called before beeing initialized
2024-03-27 21:26:56,006 [WARN] DetailPanel:346 - Failed to get advertising image, set to default
2024-03-27 21:26:56,213 [FATAL] Updater:308 - Updater called before beeing initialized
2024-03-27 21:26:56,216 [FATAL] Updater:308 - Updater called before beeing initialized
2024-03-27 21:26:56,217 [FATAL] Updater:308 - Updater called before beeing initialized
2024-03-27 21:26:56,217 [WARN] DetailPanel:346 - Failed to get advertising image, set to default
2024-03-27 21:26:56,219 [FATAL] Updater:308 - Updater called before beeing initialized
2024-03-27 21:26:56,305 [ERROR] Updater:1120 - MainUpdater not yet initialized. External WinMGr cannot be set.
2024-03-27 21:26:56,309 [INFO] Updater:1056 - Updater Version found : 6.10.0
2024-03-27 21:26:56,338 [INFO] ApplicationProperties:184 - Using Application install path: C:\ST\STM32CubeIDE_1.14.1\STM32CubeIDE\plugins\com.st.stm32cube.common.mx_6.10.0.202311202037
2024-03-27 21:26:56,845 [INFO] MainUpdater:2873 - connection check result : 10
2024-03-27 21:26:56,846 [INFO] MainUpdater:290 - Updater Check For Update Now.
2024-03-27 21:26:56,846 [INFO] MicroXplorer:498 - Change Database Version : DB.6.0.100
2024-03-27 21:26:56,857 [INFO] McuFinderGlobals:63 - Set McuFinder mode to 2 (CubeIDE integrated)
2024-03-27 21:26:57,094 [INFO] CheckServerUpdateThread:120 - End of CheckServer Thread
2024-03-27 21:26:57,142 [INFO] UserAuth:404 - Internet connection configuration mode: 1
2024-03-27 21:26:57,163 [INFO] JxBrowserEngine:152 - Initiate JxBrowser Engine with user profile folder
2024-03-27 21:26:57,558 [WARN] PackLoader:240 - Cannot read IP mode file for STMicroelectronics.X-CUBE-SMBUS.2.1.0
2024-03-27 21:26:57,571 [WARN] PackLoader:240 - Cannot read IP mode file for STMicroelectronics.X-CUBE-TOUCHGFX.4.23.0
2024-03-27 21:26:57,633 [WARN] PackLoader:240 - Cannot read IP mode file for STMicroelectronics.X-CUBE-AZRTOS-F7.1.1.0
2024-03-27 21:26:57,658 [WARN] PackLoader:240 - Cannot read IP mode file for STMicroelectronics.FP-SNS-MOTENV1.4.3.2
2024-03-27 21:26:57,670 [WARN] PackLoader:240 - Cannot read IP mode file for STMicroelectronics.FP-SNS-FLIGHT1.5.0.2
2024-03-27 21:26:57,687 [WARN] PackLoader:240 - Cannot read IP mode file for STMicroelectronics.X-CUBE-DISPLAY.3.0.0
2024-03-27 21:26:57,715 [WARN] PackLoader:240 - Cannot read IP mode file for STMicroelectronics.X-CUBE-BLE1.7.0.0
2024-03-27 21:26:57,728 [WARN] PackLoader:240 - Cannot read IP mode file for emotas.I-CUBE-CANOPEN.1.3.0
2024-03-27 21:26:57,766 [WARN] PackLoader:240 - Cannot read IP mode file for STMicroelectronics.X-CUBE-BLEMGR.3.1.0
2024-03-27 21:26:57,786 [WARN] PackLoader:240 - Cannot read IP mode file for STMicroelectronics.FP-SNS-SMARTAG2.1.2.0
2024-03-27 21:26:57,815 [INFO] LogOutputStream:77 - [STDOUT_REDIRECT] 1 : Invalid condition id : UX_CORESTACK_Condition cause : null
2024-03-27 21:26:57,815 [INFO] LogOutputStream:77 - [STDOUT_REDIRECT] 1 : Invalid condition id : UX_CORESTACK_Condition cause : null
2024-03-27 21:26:57,818 [INFO] LogOutputStream:77 - [STDOUT_REDIRECT] 1 : Invalid condition id : UX_CORESTACK_Condition cause : null
2024-03-27 21:26:57,820 [INFO] LogOutputStream:77 - [STDOUT_REDIRECT] 1 : Invalid condition id : UX_CORESTACK_Condition cause : null
2024-03-27 21:26:57,823 [INFO] LogOutputStream:77 - [STDOUT_REDIRECT] 1 : Invalid condition id : UX_CORESTACK_Condition cause : null
2024-03-27 21:26:57,831 [WARN] PackLoader:240 - Cannot read IP mode file for STMicroelectronics.X-CUBE-AZRTOS-WL.2.0.0
2024-03-27 21:26:57,848 [WARN] PackLoader:240 - Cannot read IP mode file for WES.I-CUBE-Cesium.1.3.0
2024-03-27 21:26:57,860 [WARN] PackLoader:240 - Cannot read IP mode file for STMicroelectronics.X-CUBE-BLE2.3.3.0
2024-03-27 21:26:57,873 [WARN] PackLoader:240 - Cannot read IP mode file for STMicroelectronics.X-CUBE-ALGOBUILD.1.3.0
2024-03-27 21:26:57,905 [WARN] PackLoader:240 - Cannot read IP mode file for STMicroelectronics.X-CUBE-AZRTOS-G0.1.1.0
2024-03-27 21:26:57,918 [WARN] PackLoader:240 - Cannot read IP mode file for STMicroelectronics.X-CUBE-NFC4.3.0.0
2024-03-27 21:26:57,934 [WARN] PackLoader:240 - Cannot read IP mode file for STMicroelectronics.X-CUBE-BLEMGR.3.0.0
2024-03-27 21:26:57,955 [WARN] PackLoader:240 - Cannot read IP mode file for STMicroelectronics.FP-ATR-SIGFOX1.3.2.0
2024-03-27 21:26:57,983 [WARN] PackLoader:240 - Cannot read IP mode file for STMicroelectronics.X-CUBE-EEPRMA1.5.1.0
2024-03-27 21:26:58,044 [WARN] PackLoader:240 - Cannot read IP mode file for SEGGER.I-CUBE-embOS.1.3.1
2024-03-27 21:26:58,132 [WARN] PackLoader:240 - Cannot read IP mode file for STMicroelectronics.X-CUBE-GNSS1.6.0.0
2024-03-27 21:26:58,164 [WARN] PackLoader:240 - Cannot read IP mode file for STMicroelectronics.X-CUBE-AZRTOS-F4.1.1.0
2024-03-27 21:26:58,179 [WARN] PackLoader:240 - Cannot read IP mode file for wolfSSL.I-CUBE-wolfSSL.5.6.6
2024-03-27 21:26:58,229 [WARN] PackLoader:240 - Cannot read IP mode file for STMicroelectronics.X-CUBE-AZRTOS-L5.2.0.0
2024-03-27 21:26:58,246 [WARN] PackLoader:240 - Cannot read IP mode file for STMicroelectronics.X-CUBE-NFC6.3.1.0
2024-03-27 21:26:58,258 [WARN] PackLoader:240 - Cannot read IP mode file for ITTIA_DB.I-CUBE-ITTIADB.8.8.0
2024-03-27 21:26:58,266 [WARN] PackLoader:240 - Cannot read IP mode file for STMicroelectronics.X-CUBE-NFC7.1.0.1
2024-03-27 21:26:58,278 [WARN] PackLoader:240 - Cannot read IP mode file for STMicroelectronics.X-CUBE-NFC6.3.0.0
2024-03-27 21:26:58,286 [WARN] PackLoader:240 - Cannot read IP mode file for STMicroelectronics.X-CUBE-AI.8.1.0
2024-03-27 21:26:58,345 [WARN] ConditionMgr:438 - getConditionDescription Invalid condition id : LAN8742 Phy interface Condition cause : null
2024-03-27 21:26:58,346 [WARN] PackLoader:240 - Cannot read IP mode file for STMicroelectronics.X-CUBE-AZRTOS-L4.2.0.0
2024-03-27 21:26:58,349 [WARN] ConditionMgr:1039 - genDependencies : Invalid condition id : LAN8742 Phy interface Condition cause : null
2024-03-27 21:26:58,349 [WARN] ConditionMgr:1039 - genDependencies : Invalid condition id : LAN8742 Phy interface Condition cause : null
2024-03-27 21:26:58,350 [WARN] ConditionMgr:1039 - genDependencies : Invalid condition id : LAN8742 Phy interface Condition cause : null
2024-03-27 21:26:58,378 [WARN] PackLoader:240 - Cannot read IP mode file for STMicroelectronics.X-CUBE-SFXS2LP1.4.0.0
2024-03-27 21:26:58,402 [WARN] ConditionMgr:438 - getConditionDescription Invalid condition id : UX DEVICE CLASS RTOS Condition cause : null
2024-03-27 21:26:58,403 [WARN] ConditionMgr:438 - getConditionDescription Invalid condition id : UX DEVICE CLASS RTOS Condition cause : null
2024-03-27 21:26:58,407 [WARN] PackLoader:240 - Cannot read IP mode file for STMicroelectronics.X-CUBE-AZRTOS-WB.2.0.0
2024-03-27 21:26:58,408 [WARN] ConditionMgr:1039 - genDependencies : Invalid condition id : UX DEVICE CLASS RTOS Condition cause : null
2024-03-27 21:26:58,408 [WARN] ConditionMgr:1039 - genDependencies : Invalid condition id : UX DEVICE CLASS RTOS Condition cause : null
2024-03-27 21:26:58,409 [WARN] ConditionMgr:1039 - genDependencies : Invalid condition id : UX DEVICE CLASS RTOS Condition cause : null
2024-03-27 21:26:58,409 [WARN] ConditionMgr:1039 - genDependencies : Invalid condition id : UX DEVICE CLASS RTOS Condition cause : null
2024-03-27 21:26:58,410 [WARN] ConditionMgr:1039 - genDependencies : Invalid condition id : UX DEVICE CLASS RTOS Condition cause : null
2024-03-27 21:26:58,427 [WARN] PackLoader:240 - Cannot read IP mode file for STMicroelectronics.X-CUBE-SUBG2.5.0.0
2024-03-27 21:26:58,489 [WARN] PackLoader:240 - Cannot read IP mode file for STMicroelectronics.X-CUBE-AZRTOS-G4.2.0.0
2024-03-27 21:26:58,512 [WARN] PackLoader:240 - Cannot read IP mode file for Infineon.AIROC-Wi-Fi-Bluetooth-STM32.1.5.1
2024-03-27 21:26:58,531 [WARN] PackLoader:240 - Cannot read IP mode file for STMicroelectronics.FP-SNS-MOTENVWB1.1.3.1
2024-03-27 21:26:58,538 [WARN] PackLoader:240 - Cannot read IP mode file for STMicroelectronics.X-CUBE-ISPU.2.0.0
2024-03-27 21:26:58,587 [INFO] WebApp:161 - Instantiating new browser for Auth
2024-03-27 21:26:58,614 [WARN] PackLoader:240 - Cannot read IP mode file for STMicroelectronics.X-CUBE-MEMS1.10.0.0
2024-03-27 21:26:58,930 [WARN] PackLoader:240 - Cannot read IP mode file for STMicroelectronics.X-CUBE-FREERTOS.1.1.0
2024-03-27 21:26:58,942 [WARN] PackLoader:240 - Cannot read IP mode file for portGmbH.I-Cube-SoM-uGOAL.1.1.0
2024-03-27 21:26:58,948 [WARN] PackLoader:240 - Cannot read IP mode file for STMicroelectronics.X-CUBE-ALS.1.0.1
2024-03-27 21:26:58,955 [WARN] PackLoader:240 - Cannot read IP mode file for STMicroelectronics.FP-ATR-ASTRA1.2.0.0
2024-03-27 21:26:58,974 [WARN] PackLoader:240 - Cannot read IP mode file for STMicroelectronics.X-CUBE-TOF1.3.4.1
2024-03-27 21:26:59,032 [WARN] PackLoader:240 - Cannot read IP mode file for STMicroelectronics.X-CUBE-AZRTOS-H7.3.2.0
2024-03-27 21:26:59,044 [INFO] ThirdParty:978 - Integrity check success = true
2024-03-27 21:26:59,044 [INFO] IntegrityCheckThread:100 - exiting critical section [integrity check]
2024-03-27 21:26:59,044 [INFO] IntegrityCheckThread:103 - End integrity checks thread
2024-03-27 21:26:59,882 [INFO] WebApp:780 - Register for checkConnection events
2024-03-27 21:26:59,883 [INFO] WebApp:414 - Apply proxy settings
2024-03-27 21:26:59,883 [INFO] WebApp:499 - Chromium requires no authentication
2024-03-27 21:26:59,901 [INFO] WebApp:442 - Direct internet connection detected
2024-03-27 21:27:00,412 [INFO] WebApp:192 - Starting web application
2024-03-27 21:27:00,413 [INFO] WebApp:544 - Web application path used C:\ST\STM32CubeIDE_1.14.1\STM32CubeIDE\plugins\com.st.stm32cube.common.mx_6.10.0.202311202037\db\plugins\mcufinder\reactClient1\index.html
2024-03-27 21:27:21,359 [ERROR] LogOutputStream:75 - [STDERR_REDIRECT] SLF4J: Failed to load class "org.slf4j.impl.StaticLoggerBinder".
2024-03-27 21:27:21,360 [ERROR] LogOutputStream:75 - [STDERR_REDIRECT] SLF4J: Defaulting to no-operation (NOP) logger implementation
2024-03-27 21:27:21,361 [ERROR] LogOutputStream:75 - [STDERR_REDIRECT] SLF4J: See http://www.slf4j.org/codes.html#StaticLoggerBinder for further details.
2024-03-27 23:04:22,380 [ERROR] LogOutputStream:75 - [STDERR_REDIRECT] 
